INFO:root:Iteration: 0, Loss: 1.826056718826294, Accuracy: 0.21875, Validation Accuracy: 0.15625, Validation Loss: 1.7681121826171875, Test: [4 4 4 4 4]
INFO:root:Iteration: 5, Loss: 1.720998764038086, Accuracy: 0.34375, Validation Accuracy: 0.3125, Validation Loss: 1.8047579526901245, Test: [4 4 5 5 4]
INFO:root:Iteration: 10, Loss: 1.8054630756378174, Accuracy: 0.1875, Validation Accuracy: 0.21875, Validation Loss: 1.7224023342132568, Test: [4 4 4 4 4]
INFO:root:Iteration: 15, Loss: 1.7908066511154175, Accuracy: 0.09375, Validation Accuracy: 0.125, Validation Loss: 1.7246021032333374, Test: [4 4 4 4 4]
INFO:root:Iteration: 20, Loss: 1.6730055809020996, Accuracy: 0.375, Validation Accuracy: 0.15625, Validation Loss: 1.7143642902374268, Test: [4 4 4 4 4]
INFO:root:Iteration: 25, Loss: 1.6849100589752197, Accuracy: 0.25, Validation Accuracy: 0.1875, Validation Loss: 1.6923255920410156, Test: [4 4 3 4 4]
INFO:root:################################################################################################
INFO:root:Finished Epoch 0
INFO:root:Validation Accuracy: 0.1515151560306549, Validation Loss: 1.7179204225540161
INFO:root:Iteration: 0, Loss: 1.7203141450881958, Accuracy: 0.1875, Validation Accuracy: 0.1875, Validation Loss: 1.696479320526123, Test: [4 4 4 4 4]
INFO:root:Iteration: 10, Loss: 1.7017889022827148, Accuracy: 0.15625, Validation Accuracy: 0.21875, Validation Loss: 1.694105625152588, Test: [4 4 4 4 4]
INFO:root:Iteration: 20, Loss: 1.7181181907653809, Accuracy: 0.09375, Validation Accuracy: 0.1875, Validation Loss: 1.6732292175292969, Test: [4 4 4 4 4]
INFO:root:Iteration: 30, Loss: 1.5940027236938477, Accuracy: 0.375, Validation Accuracy: 0.28125, Validation Loss: 1.6400080919265747, Test: [4 4 4 4 4]
INFO:root:Iteration: 40, Loss: 1.610191822052002, Accuracy: 0.4375, Validation Accuracy: 0.09375, Validation Loss: 1.747361183166504, Test: [4 4 4 4 4]
INFO:root:Iteration: 50, Loss: 1.6908186674118042, Accuracy: 0.125, Validation Accuracy: 0.21875, Validation Loss: 1.6160966157913208, Test: [4 4 4 4 4]
INFO:root:################################################################################################
INFO:root:Finished Epoch 1
INFO:root:Validation Accuracy: 0.16161616146564484, Validation Loss: 1.6701574325561523
INFO:root:Iteration: 0, Loss: 1.6246013641357422, Accuracy: 0.15625, Validation Accuracy: 0.15625, Validation Loss: 1.6906794309616089, Test: [5 4 4 4 4]
INFO:root:Iteration: 15, Loss: 1.649850845336914, Accuracy: 0.125, Validation Accuracy: 0.1875, Validation Loss: 1.644195556640625, Test: [4 4 4 5 4]
INFO:root:Iteration: 30, Loss: 1.5486724376678467, Accuracy: 0.21875, Validation Accuracy: 0.1875, Validation Loss: 1.7277716398239136, Test: [4 4 4 4 4]
INFO:root:Iteration: 45, Loss: 1.8256220817565918, Accuracy: 0.125, Validation Accuracy: 0.125, Validation Loss: 1.5993132591247559, Test: [4 4 4 4 4]
INFO:root:Iteration: 60, Loss: 1.6186107397079468, Accuracy: 0.1875, Validation Accuracy: 0.21875, Validation Loss: 1.6031153202056885, Test: [4 4 4 4 4]
INFO:root:Iteration: 75, Loss: 1.5956168174743652, Accuracy: 0.15625, Validation Accuracy: 0.09375, Validation Loss: 1.7578885555267334, Test: [1 4 5 1 5]
INFO:root:################################################################################################
INFO:root:Finished Epoch 2
INFO:root:Validation Accuracy: 0.19191919267177582, Validation Loss: 1.6393685340881348
INFO:root:Iteration: 0, Loss: 1.5874881744384766, Accuracy: 0.21875, Validation Accuracy: 0.125, Validation Loss: 1.6090798377990723, Test: [4 5 5 4 4]
INFO:root:Iteration: 20, Loss: 1.5728120803833008, Accuracy: 0.25, Validation Accuracy: 0.09375, Validation Loss: 1.6879026889801025, Test: [4 5 5 5]
INFO:root:################################################################################################
INFO:root:Finished Epoch 3
INFO:root:Validation Accuracy: 0.17171716690063477, Validation Loss: 1.6507651805877686
INFO:root:################################################################################################
INFO:root:Finished Epoch 4
INFO:root:Validation Accuracy: 0.1515151560306549, Validation Loss: 1.6511836051940918
INFO:root:################################################################################################
INFO:root:Finished Epoch 5
INFO:root:Validation Accuracy: 0.1818181872367859, Validation Loss: 1.6483268737792969
INFO:root:################################################################################################
INFO:root:Finished Epoch 6
INFO:root:Validation Accuracy: 0.1818181872367859, Validation Loss: 1.6439026594161987
INFO:root:################################################################################################
INFO:root:Finished Epoch 7
INFO:root:Validation Accuracy: 0.1818181872367859, Validation Loss: 1.6373920440673828
INFO:root:################################################################################################
INFO:root:Finished Epoch 8
INFO:root:Validation Accuracy: 0.1818181872367859, Validation Loss: 1.6318349838256836
INFO:root:################################################################################################
INFO:root:Finished Epoch 9
INFO:root:Validation Accuracy: 0.1818181872367859, Validation Loss: 1.628678798675537
INFO:root:################################################################################################
INFO:root:Finished Epoch 10
INFO:root:Validation Accuracy: 0.1818181872367859, Validation Loss: 1.6262428760528564
INFO:root:################################################################################################
INFO:root:Finished Epoch 11
INFO:root:Validation Accuracy: 0.1818181872367859, Validation Loss: 1.6252185106277466
INFO:root:################################################################################################
INFO:root:Finished Epoch 12
INFO:root:Validation Accuracy: 0.1818181872367859, Validation Loss: 1.6250303983688354
INFO:root:################################################################################################
INFO:root:Finished Epoch 13
INFO:root:Validation Accuracy: 0.19191919267177582, Validation Loss: 1.6248412132263184
INFO:root:################################################################################################
INFO:root:Finished Epoch 14
INFO:root:Validation Accuracy: 0.19191919267177582, Validation Loss: 1.6252893209457397
INFO:root:################################################################################################
INFO:root:Finished Epoch 15
INFO:root:Validation Accuracy: 0.19191919267177582, Validation Loss: 1.6256154775619507
INFO:root:################################################################################################
INFO:root:Finished Epoch 16
INFO:root:Validation Accuracy: 0.19191919267177582, Validation Loss: 1.626517653465271
INFO:root:################################################################################################
INFO:root:Finished Epoch 17
INFO:root:Validation Accuracy: 0.1818181872367859, Validation Loss: 1.6267685890197754
INFO:root:################################################################################################
INFO:root:Finished Epoch 18
INFO:root:Validation Accuracy: 0.17171716690063477, Validation Loss: 1.6271473169326782
INFO:root:################################################################################################
INFO:root:Finished Epoch 19
INFO:root:Validation Accuracy: 0.19191919267177582, Validation Loss: 1.6284335851669312
INFO:root:################################################################################################
INFO:root:Finished Epoch 20
INFO:root:Validation Accuracy: 0.19191919267177582, Validation Loss: 1.6298785209655762
INFO:root:################################################################################################
INFO:root:Finished Epoch 21
INFO:root:Validation Accuracy: 0.19191919267177582, Validation Loss: 1.630684494972229
INFO:root:################################################################################################
INFO:root:Finished Epoch 22
INFO:root:Validation Accuracy: 0.1818181872367859, Validation Loss: 1.6315248012542725
INFO:root:################################################################################################
INFO:root:Finished Epoch 23
INFO:root:Validation Accuracy: 0.1818181872367859, Validation Loss: 1.6328588724136353
INFO:root:################################################################################################
INFO:root:Finished Epoch 24
INFO:root:Validation Accuracy: 0.17171716690063477, Validation Loss: 1.6339020729064941
INFO:root:################################################################################################
INFO:root:Finished Epoch 25
INFO:root:Validation Accuracy: 0.17171716690063477, Validation Loss: 1.6347002983093262
INFO:root:################################################################################################
INFO:root:Finished Epoch 26
INFO:root:Validation Accuracy: 0.17171716690063477, Validation Loss: 1.635758399963379
INFO:root:################################################################################################
INFO:root:Finished Epoch 27
INFO:root:Validation Accuracy: 0.17171716690063477, Validation Loss: 1.6366844177246094
INFO:root:################################################################################################
INFO:root:Finished Epoch 28
INFO:root:Validation Accuracy: 0.17171716690063477, Validation Loss: 1.6368687152862549
INFO:root:################################################################################################
INFO:root:Finished Epoch 29
INFO:root:Validation Accuracy: 0.17171716690063477, Validation Loss: 1.6364930868148804
INFO:root:################################################################################################
INFO:root:Finished Epoch 30
INFO:root:Validation Accuracy: 0.17171716690063477, Validation Loss: 1.6356775760650635
INFO:root:################################################################################################
INFO:root:Finished Epoch 31
INFO:root:Validation Accuracy: 0.17171716690063477, Validation Loss: 1.6347988843917847
INFO:root:################################################################################################
INFO:root:Finished Epoch 32
INFO:root:Validation Accuracy: 0.19191919267177582, Validation Loss: 1.633650541305542
INFO:root:################################################################################################
INFO:root:Finished Epoch 33
INFO:root:Validation Accuracy: 0.21212121844291687, Validation Loss: 1.632187008857727
INFO:root:################################################################################################
INFO:root:Finished Epoch 34
INFO:root:Validation Accuracy: 0.20202019810676575, Validation Loss: 1.631445050239563
INFO:root:################################################################################################
INFO:root:Finished Epoch 35
INFO:root:Validation Accuracy: 0.1515151560306549, Validation Loss: 1.6310352087020874
INFO:root:################################################################################################
INFO:root:Finished Epoch 36
INFO:root:Validation Accuracy: 0.1818181872367859, Validation Loss: 1.6305441856384277
INFO:root:################################################################################################
INFO:root:Finished Epoch 37
INFO:root:Validation Accuracy: 0.17171716690063477, Validation Loss: 1.6298621892929077
INFO:root:################################################################################################
INFO:root:Finished Epoch 38
INFO:root:Validation Accuracy: 0.1818181872367859, Validation Loss: 1.6299500465393066
INFO:root:Iteration: 0, Loss: 1.780444622039795, Accuracy: 0.21875, Validation Accuracy: 0.1875, Validation Loss: 1.851879596710205, Test: [4 4 1 4 1]
INFO:root:Iteration: 5, Loss: 1.6485638618469238, Accuracy: 0.375, Validation Accuracy: 0.1875, Validation Loss: 1.7229987382888794, Test: [4 4 4 4 4]
INFO:root:Iteration: 10, Loss: 1.7488276958465576, Accuracy: 0.125, Validation Accuracy: 0.21875, Validation Loss: 1.7160451412200928, Test: [4 4 4 4 4]
INFO:root:Iteration: 15, Loss: 1.726909875869751, Accuracy: 0.15625, Validation Accuracy: 0.15625, Validation Loss: 1.7996084690093994, Test: [5 4 4 4 4]
INFO:root:Iteration: 20, Loss: 1.6035196781158447, Accuracy: 0.34375, Validation Accuracy: 0.15625, Validation Loss: 1.7086718082427979, Test: [5 4 4 4 4]
INFO:root:Iteration: 25, Loss: 1.6616253852844238, Accuracy: 0.125, Validation Accuracy: 0.25, Validation Loss: 1.7237060070037842, Test: [5 3 3 3 3]
INFO:root:################################################################################################
INFO:root:Finished Epoch 0
INFO:root:Validation Accuracy: 0.3030303120613098, Validation Loss: 1.6659489870071411
INFO:root:Iteration: 0, Loss: 1.835243582725525, Accuracy: 0.1875, Validation Accuracy: 0.28125, Validation Loss: 1.6388320922851562, Test: [4 3 4 3 3]
INFO:root:Iteration: 10, Loss: 1.529510736465454, Accuracy: 0.21875, Validation Accuracy: 0.15625, Validation Loss: 1.798703908920288, Test: [3 3 3 5 5]
INFO:root:Iteration: 20, Loss: 1.6009219884872437, Accuracy: 0.25, Validation Accuracy: 0.21875, Validation Loss: 1.5206632614135742, Test: [5 5 5 5 5]
INFO:root:Iteration: 30, Loss: 1.5281164646148682, Accuracy: 0.28125, Validation Accuracy: 0.3125, Validation Loss: 1.5940251350402832, Test: [5 5 5 5 5]
INFO:root:Iteration: 40, Loss: 1.6238634586334229, Accuracy: 0.21875, Validation Accuracy: 0.0625, Validation Loss: 2.075906991958618, Test: [4 5 5 5 5]
INFO:root:Iteration: 50, Loss: 1.6164826154708862, Accuracy: 0.21875, Validation Accuracy: 0.125, Validation Loss: 1.5868980884552002, Test: [3 4 4 4 4]
INFO:root:################################################################################################
INFO:root:Finished Epoch 1
INFO:root:Validation Accuracy: 0.23232322931289673, Validation Loss: 1.6163063049316406
INFO:root:Iteration: 0, Loss: 1.5753592252731323, Accuracy: 0.25, Validation Accuracy: 0.5, Validation Loss: 1.5718464851379395, Test: [3 3 3 4 3]
INFO:root:Iteration: 15, Loss: 1.6785426139831543, Accuracy: 0.125, Validation Accuracy: 0.1875, Validation Loss: 1.6803510189056396, Test: [3 3 3 3 3]
INFO:root:Iteration: 30, Loss: 1.6232233047485352, Accuracy: 0.1875, Validation Accuracy: 0.25, Validation Loss: 1.7388503551483154, Test: [3 3 4 3 3]
INFO:root:Iteration: 45, Loss: 1.7530567646026611, Accuracy: 0.125, Validation Accuracy: 0.15625, Validation Loss: 1.6227176189422607, Test: [4 4 4 4 4]
INFO:root:Iteration: 60, Loss: 1.582634449005127, Accuracy: 0.21875, Validation Accuracy: 0.1875, Validation Loss: 1.6355029344558716, Test: [4 4 4 4 4]
INFO:root:Iteration: 75, Loss: 1.621533751487732, Accuracy: 0.1875, Validation Accuracy: 0.0625, Validation Loss: 1.8510373830795288, Test: [4 4 4 4 4]
INFO:root:################################################################################################
INFO:root:Finished Epoch 2
INFO:root:Validation Accuracy: 0.19191919267177582, Validation Loss: 1.6618077754974365
INFO:root:Iteration: 0, Loss: 1.5619391202926636, Accuracy: 0.34375, Validation Accuracy: 0.1875, Validation Loss: 1.6116012334823608, Test: [4 4 4 4 4]
INFO:root:Iteration: 20, Loss: 1.5898222923278809, Accuracy: 0.25, Validation Accuracy: 0.125, Validation Loss: 1.730417013168335, Test: [4 4 4 3]
INFO:root:################################################################################################
INFO:root:Finished Epoch 3
INFO:root:Validation Accuracy: 0.20202019810676575, Validation Loss: 1.6423139572143555
INFO:root:################################################################################################
INFO:root:Finished Epoch 4
INFO:root:Validation Accuracy: 0.20202019810676575, Validation Loss: 1.6389390230178833
INFO:root:################################################################################################
INFO:root:Finished Epoch 5
INFO:root:Validation Accuracy: 0.20202019810676575, Validation Loss: 1.6286792755126953
INFO:root:################################################################################################
INFO:root:Finished Epoch 6
INFO:root:Validation Accuracy: 0.21212121844291687, Validation Loss: 1.619072675704956
INFO:root:################################################################################################
INFO:root:Finished Epoch 7
INFO:root:Validation Accuracy: 0.24242424964904785, Validation Loss: 1.6120415925979614
INFO:root:################################################################################################
INFO:root:Finished Epoch 8
INFO:root:Validation Accuracy: 0.23232322931289673, Validation Loss: 1.606547236442566
INFO:root:################################################################################################
INFO:root:Finished Epoch 9
INFO:root:Validation Accuracy: 0.24242424964904785, Validation Loss: 1.6066575050354004
INFO:root:################################################################################################
INFO:root:Finished Epoch 10
INFO:root:Validation Accuracy: 0.24242424964904785, Validation Loss: 1.6095876693725586
INFO:root:################################################################################################
INFO:root:Finished Epoch 11
INFO:root:Iteration: 0, Loss: 1.9200941324234009, Accuracy: 0.03125, Validation Accuracy: 0.25, Validation Loss: 1.7688302993774414, Test: [2 4 2 4 4]
INFO:root:Iteration: 1, Loss: 1.7931020259857178, Accuracy: 0.15625, Validation Accuracy: 0.15625, Validation Loss: 1.7702586650848389, Test: [2 4 3 4 2]
INFO:root:Iteration: 2, Loss: 1.759338617324829, Accuracy: 0.1875, Validation Accuracy: 0.1875, Validation Loss: 1.7369556427001953, Test: [2 4 4 4 4]
INFO:root:Iteration: 3, Loss: 1.755380392074585, Accuracy: 0.28125, Validation Accuracy: 0.28125, Validation Loss: 1.7828449010849, Test: [2 4 1 4 4]
INFO:root:Iteration: 4, Loss: 1.7953357696533203, Accuracy: 0.0625, Validation Accuracy: 0.25, Validation Loss: 1.7157726287841797, Test: [4 4 4 1 3]
INFO:root:Iteration: 5, Loss: 1.7749104499816895, Accuracy: 0.28125, Validation Accuracy: 0.21875, Validation Loss: 1.7084643840789795, Test: [4 3 4 3 4]
INFO:root:Iteration: 6, Loss: 1.7904213666915894, Accuracy: 0.0625, Validation Accuracy: 0.1875, Validation Loss: 1.8589942455291748, Test: [4 3 4 4 4]
INFO:root:Iteration: 7, Loss: 1.6721041202545166, Accuracy: 0.21875, Validation Accuracy: 0.28125, Validation Loss: 1.6934524774551392, Test: [3 3 3 4 3]
INFO:root:Iteration: 8, Loss: 1.7938206195831299, Accuracy: 0.0625, Validation Accuracy: 0.1875, Validation Loss: 1.6842948198318481, Test: [3 3 1 3 3]
INFO:root:Iteration: 9, Loss: 1.7952075004577637, Accuracy: 0.28125, Validation Accuracy: 0.21875, Validation Loss: 1.7238919734954834, Test: [1 4 4 1 4]
INFO:root:Iteration: 10, Loss: 1.7098970413208008, Accuracy: 0.21875, Validation Accuracy: 0.21875, Validation Loss: 1.737349033355713, Test: [5 3 3 3 3]
INFO:root:Iteration: 11, Loss: 1.6616661548614502, Accuracy: 0.4375, Validation Accuracy: 0.1875, Validation Loss: 1.6049679517745972, Test: [3 3 4 4 4]
INFO:root:Iteration: 12, Loss: 1.69516921043396, Accuracy: 0.25, Validation Accuracy: 0.15625, Validation Loss: 1.8172955513000488, Test: [4 3 4 4 3]
INFO:root:Iteration: 13, Loss: 1.6655449867248535, Accuracy: 0.28125, Validation Accuracy: 0.21875, Validation Loss: 1.6422724723815918, Test: [4 3 4 4 4]
INFO:root:Iteration: 14, Loss: 1.6618595123291016, Accuracy: 0.21875, Validation Accuracy: 0.25, Validation Loss: 1.5800048112869263, Test: [3 3 3 3 3]
INFO:root:Iteration: 15, Loss: 1.7463384866714478, Accuracy: 0.1875, Validation Accuracy: 0.09375, Validation Loss: 1.8058891296386719, Test: [3 4 4 4 4]
INFO:root:Iteration: 16, Loss: 1.804818868637085, Accuracy: 0.0625, Validation Accuracy: 0.25, Validation Loss: 1.6389862298965454, Test: [3 3 4 4 1]
INFO:root:Iteration: 17, Loss: 1.7190592288970947, Accuracy: 0.125, Validation Accuracy: 0.09375, Validation Loss: 1.6431435346603394, Test: [4 4 4 4 3]
INFO:root:Iteration: 18, Loss: 1.7036888599395752, Accuracy: 0.1875, Validation Accuracy: 0.15625, Validation Loss: 1.7336647510528564, Test: [5 4 4 4 4]
INFO:root:Iteration: 19, Loss: 1.6262116432189941, Accuracy: 0.21875, Validation Accuracy: 0.15625, Validation Loss: 1.7369272708892822, Test: [5 5 4 5]
INFO:root:################################################################################################
INFO:root:Finished Epoch 0
INFO:root:Validation Accuracy: 0.23232322931289673, Validation Loss: 1.6621007919311523
INFO:root:################################################################################################
INFO:root:Finished Epoch 1
INFO:root:Validation Accuracy: 0.20202019810676575, Validation Loss: 1.6604182720184326
INFO:root:################################################################################################
INFO:root:Finished Epoch 2
INFO:root:Validation Accuracy: 0.21212121844291687, Validation Loss: 1.6583256721496582
INFO:root:################################################################################################
INFO:root:Finished Epoch 3
INFO:root:Validation Accuracy: 0.21212121844291687, Validation Loss: 1.6582242250442505
INFO:root:Saved Checkpoint at iteration 0 and path ./tensorboard_RNN/model0.ckpt
INFO:tensorflow:Restoring parameters from tensorboard_RNN\model0.ckpt
INFO:root:Iteration: 0, Loss: 1.578526496887207, Accuracy: 0.3125, Validation Accuracy: 0.125, Validation Loss: 1.722638487815857, Test: [4 5 5 5 5]
INFO:root:Iteration: 1, Loss: 1.627988576889038, Accuracy: 0.15625, Validation Accuracy: 0.15625, Validation Loss: 1.6458439826965332, Test: [4 4 5 4 5]
INFO:root:Iteration: 2, Loss: 1.5600769519805908, Accuracy: 0.34375, Validation Accuracy: 0.28125, Validation Loss: 1.5962014198303223, Test: [4 5 5 5 4]
INFO:root:Iteration: 3, Loss: 1.6836127042770386, Accuracy: 0.21875, Validation Accuracy: 0.0625, Validation Loss: 1.777910828590393, Test: [4 5 5 4 4]
INFO:root:Iteration: 4, Loss: 1.6323466300964355, Accuracy: 0.28125, Validation Accuracy: 0.28125, Validation Loss: 1.6239588260650635, Test: [4 5 4 4 4]
INFO:root:Iteration: 5, Loss: 1.6166843175888062, Accuracy: 0.1875, Validation Accuracy: 0.15625, Validation Loss: 1.6039156913757324, Test: [5 4 5 4 5]
INFO:root:Iteration: 6, Loss: 1.6353378295898438, Accuracy: 0.25, Validation Accuracy: 0.15625, Validation Loss: 1.8293602466583252, Test: [4 4 4 4 4]
INFO:root:Iteration: 7, Loss: 1.6150214672088623, Accuracy: 0.28125, Validation Accuracy: 0.21875, Validation Loss: 1.6505186557769775, Test: [4 4 4 4 4]
INFO:root:Iteration: 8, Loss: 1.612170934677124, Accuracy: 0.21875, Validation Accuracy: 0.21875, Validation Loss: 1.5743359327316284, Test: [4 4 4 4 4]
INFO:root:Iteration: 9, Loss: 1.604522943496704, Accuracy: 0.28125, Validation Accuracy: 0.0625, Validation Loss: 1.8112261295318604, Test: [4 4 4 4 4]
INFO:root:Iteration: 10, Loss: 1.6434988975524902, Accuracy: 0.1875, Validation Accuracy: 0.25, Validation Loss: 1.592404842376709, Test: [4 4 4 4 4]
INFO:root:Iteration: 11, Loss: 1.637660264968872, Accuracy: 0.09375, Validation Accuracy: 0.21875, Validation Loss: 1.624373435974121, Test: [4 4 4 4 4]
INFO:root:Iteration: 12, Loss: 1.5645155906677246, Accuracy: 0.21875, Validation Accuracy: 0.09375, Validation Loss: 1.8573012351989746, Test: [4 4 4 4 4]
INFO:root:Iteration: 13, Loss: 1.61619234085083, Accuracy: 0.28125, Validation Accuracy: 0.21875, Validation Loss: 1.5976593494415283, Test: [4 4 4 4 4]
INFO:root:Iteration: 14, Loss: 1.5837109088897705, Accuracy: 0.0625, Validation Accuracy: 0.21875, Validation Loss: 1.5442817211151123, Test: [4 4 4 4 4]
INFO:root:Iteration: 15, Loss: 1.6370394229888916, Accuracy: 0.28125, Validation Accuracy: 0.1875, Validation Loss: 1.801337480545044, Test: [4 4 4 4 4]
INFO:root:Iteration: 16, Loss: 1.6882405281066895, Accuracy: 0.15625, Validation Accuracy: 0.25, Validation Loss: 1.6130683422088623, Test: [5 4 4 4 4]
INFO:root:Iteration: 17, Loss: 1.638486623764038, Accuracy: 0.21875, Validation Accuracy: 0.25, Validation Loss: 1.541935920715332, Test: [5 4 4 4 4]
INFO:root:Iteration: 18, Loss: 1.5442354679107666, Accuracy: 0.25, Validation Accuracy: 0.09375, Validation Loss: 1.723714828491211, Test: [5 4 5 4 5]
INFO:root:Iteration: 19, Loss: 1.6047110557556152, Accuracy: 0.1875, Validation Accuracy: 0.21875, Validation Loss: 1.7156124114990234, Test: [5 5 4 5]
INFO:root:################################################################################################
INFO:root:Finished Epoch 0
INFO:root:Validation Accuracy: 0.20202019810676575, Validation Loss: 1.64023756980896
INFO:root:################################################################################################
INFO:root:Finished Epoch 1
INFO:root:Validation Accuracy: 0.16161616146564484, Validation Loss: 1.6393426656723022
INFO:root:################################################################################################
INFO:root:Finished Epoch 2
INFO:root:Validation Accuracy: 0.1515151560306549, Validation Loss: 1.6374197006225586
INFO:root:################################################################################################
INFO:root:Finished Epoch 3
INFO:root:Validation Accuracy: 0.1818181872367859, Validation Loss: 1.637827754020691
INFO:root:################################################################################################
INFO:root:Finished Epoch 4
INFO:root:Validation Accuracy: 0.1818181872367859, Validation Loss: 1.6397545337677002
INFO:root:################################################################################################
INFO:root:Finished Epoch 5
INFO:root:Validation Accuracy: 0.1818181872367859, Validation Loss: 1.6411049365997314
INFO:root:################################################################################################
INFO:root:Finished Epoch 6
INFO:root:Validation Accuracy: 0.17171716690063477, Validation Loss: 1.6411101818084717
INFO:root:################################################################################################
INFO:root:Finished Epoch 7
INFO:root:Validation Accuracy: 0.16161616146564484, Validation Loss: 1.6422556638717651
INFO:root:################################################################################################
INFO:root:Finished Epoch 8
INFO:root:Validation Accuracy: 0.16161616146564484, Validation Loss: 1.6424403190612793
INFO:root:################################################################################################
INFO:root:Finished Epoch 9
INFO:root:Validation Accuracy: 0.13131313025951385, Validation Loss: 1.6429394483566284
INFO:root:################################################################################################
INFO:root:Finished Epoch 10
INFO:root:Validation Accuracy: 0.17171716690063477, Validation Loss: 1.6432652473449707
INFO:root:################################################################################################
INFO:root:Finished Epoch 11
INFO:root:Validation Accuracy: 0.16161616146564484, Validation Loss: 1.6408687829971313
INFO:root:################################################################################################
INFO:root:Finished Epoch 12
INFO:root:Validation Accuracy: 0.16161616146564484, Validation Loss: 1.6384897232055664
INFO:root:################################################################################################
INFO:root:Finished Epoch 13
INFO:root:Validation Accuracy: 0.1515151560306549, Validation Loss: 1.6359730958938599
INFO:root:################################################################################################
INFO:root:Finished Epoch 14
INFO:root:Validation Accuracy: 0.23232322931289673, Validation Loss: 1.6348375082015991
INFO:root:################################################################################################
INFO:root:Finished Epoch 15
INFO:root:Validation Accuracy: 0.2525252401828766, Validation Loss: 1.633932113647461
INFO:root:################################################################################################
INFO:root:Finished Epoch 16
INFO:root:Validation Accuracy: 0.2525252401828766, Validation Loss: 1.6331396102905273
INFO:tensorflow:Restoring parameters from tensorboard_RNN\model0.ckpt
INFO:root:Iteration: 0, Loss: 1.5676802396774292, Accuracy: 0.3125, Validation Accuracy: 0.15625, Validation Loss: 1.7235032320022583, Test: [4 5 5 5 5]
INFO:root:Iteration: 1, Loss: 1.624466896057129, Accuracy: 0.28125, Validation Accuracy: 0.21875, Validation Loss: 1.644547462463379, Test: [3 5 5 4 5]
INFO:root:Iteration: 2, Loss: 1.5391261577606201, Accuracy: 0.40625, Validation Accuracy: 0.28125, Validation Loss: 1.59583580493927, Test: [4 5 5 5 4]
INFO:root:Iteration: 3, Loss: 1.5916048288345337, Accuracy: 0.21875, Validation Accuracy: 0.0625, Validation Loss: 1.7885197401046753, Test: [4 5 5 5 5]
INFO:root:Iteration: 4, Loss: 1.639465570449829, Accuracy: 0.125, Validation Accuracy: 0.28125, Validation Loss: 1.6214971542358398, Test: [4 5 4 4 4]
INFO:root:Iteration: 5, Loss: 1.7019352912902832, Accuracy: 0.25, Validation Accuracy: 0.1875, Validation Loss: 1.589272141456604, Test: [5 4 4 4 4]
INFO:root:Iteration: 6, Loss: 1.6191372871398926, Accuracy: 0.1875, Validation Accuracy: 0.125, Validation Loss: 1.850665807723999, Test: [4 4 4 4 4]
INFO:root:Iteration: 7, Loss: 1.5824573040008545, Accuracy: 0.15625, Validation Accuracy: 0.21875, Validation Loss: 1.6800730228424072, Test: [4 4 4 4 4]
INFO:root:Iteration: 8, Loss: 1.6458271741867065, Accuracy: 0.1875, Validation Accuracy: 0.21875, Validation Loss: 1.5782417058944702, Test: [4 4 4 4 4]
INFO:root:Iteration: 9, Loss: 1.6005182266235352, Accuracy: 0.21875, Validation Accuracy: 0.0625, Validation Loss: 1.7947100400924683, Test: [4 4 4 4 4]
INFO:root:Iteration: 10, Loss: 1.5360262393951416, Accuracy: 0.28125, Validation Accuracy: 0.28125, Validation Loss: 1.5764775276184082, Test: [5 4 4 4 4]
INFO:root:Iteration: 11, Loss: 1.6765509843826294, Accuracy: 0.125, Validation Accuracy: 0.1875, Validation Loss: 1.5975167751312256, Test: [4 4 4 4 4]
INFO:root:Iteration: 12, Loss: 1.5824612379074097, Accuracy: 0.3125, Validation Accuracy: 0.1875, Validation Loss: 1.8323508501052856, Test: [4 4 4 4 4]
INFO:root:Iteration: 13, Loss: 1.5584442615509033, Accuracy: 0.25, Validation Accuracy: 0.34375, Validation Loss: 1.577714443206787, Test: [4 4 4 4 4]
INFO:root:Iteration: 14, Loss: 1.5448763370513916, Accuracy: 0.15625, Validation Accuracy: 0.1875, Validation Loss: 1.5515190362930298, Test: [4 4 3 4 3]
INFO:root:Iteration: 15, Loss: 1.6592483520507812, Accuracy: 0.28125, Validation Accuracy: 0.21875, Validation Loss: 1.7793874740600586, Test: [3 4 4 4 4]
INFO:root:Iteration: 16, Loss: 1.6419761180877686, Accuracy: 0.21875, Validation Accuracy: 0.1875, Validation Loss: 1.599980115890503, Test: [4 4 4 4 4]
INFO:root:Iteration: 17, Loss: 1.7841484546661377, Accuracy: 0.1875, Validation Accuracy: 0.15625, Validation Loss: 1.5610623359680176, Test: [4 4 4 4 3]
INFO:root:Iteration: 18, Loss: 1.6447234153747559, Accuracy: 0.09375, Validation Accuracy: 0.21875, Validation Loss: 1.6795754432678223, Test: [4 4 4 4 4]
INFO:root:Iteration: 19, Loss: 1.5520989894866943, Accuracy: 0.28125, Validation Accuracy: 0.1875, Validation Loss: 1.6792676448822021, Test: [5 5 5 3]
INFO:root:################################################################################################
INFO:root:Finished Epoch 0
INFO:root:Validation Accuracy: 0.2222222238779068, Validation Loss: 1.6311664581298828
INFO:root:################################################################################################
INFO:root:Finished Epoch 1
INFO:root:Validation Accuracy: 0.2222222238779068, Validation Loss: 1.628994107246399
INFO:root:################################################################################################
INFO:root:Finished Epoch 2
INFO:root:Validation Accuracy: 0.2222222238779068, Validation Loss: 1.6260305643081665
INFO:root:################################################################################################
INFO:root:Finished Epoch 3
INFO:root:Validation Accuracy: 0.21212121844291687, Validation Loss: 1.623608112335205
INFO:root:################################################################################################
INFO:root:Finished Epoch 4
INFO:root:Validation Accuracy: 0.20202019810676575, Validation Loss: 1.6218645572662354
INFO:root:################################################################################################
INFO:root:Finished Epoch 5
INFO:root:Validation Accuracy: 0.20202019810676575, Validation Loss: 1.6210755109786987
INFO:root:################################################################################################
INFO:root:Finished Epoch 6
INFO:root:Validation Accuracy: 0.21212121844291687, Validation Loss: 1.6197010278701782
INFO:root:################################################################################################
INFO:root:Finished Epoch 7
INFO:root:Validation Accuracy: 0.20202019810676575, Validation Loss: 1.6190775632858276
INFO:root:################################################################################################
INFO:root:Finished Epoch 8
INFO:root:Validation Accuracy: 0.19191919267177582, Validation Loss: 1.6192861795425415
INFO:root:################################################################################################
INFO:root:Finished Epoch 9
INFO:root:Validation Accuracy: 0.19191919267177582, Validation Loss: 1.6185792684555054
INFO:root:################################################################################################
INFO:root:Finished Epoch 10
INFO:root:Validation Accuracy: 0.19191919267177582, Validation Loss: 1.6185314655303955
INFO:root:################################################################################################
INFO:root:Finished Epoch 11
INFO:root:Validation Accuracy: 0.19191919267177582, Validation Loss: 1.6170506477355957
INFO:root:################################################################################################
INFO:root:Finished Epoch 12
INFO:root:Validation Accuracy: 0.19191919267177582, Validation Loss: 1.6154553890228271
INFO:root:################################################################################################
INFO:root:Finished Epoch 13
INFO:root:Validation Accuracy: 0.19191919267177582, Validation Loss: 1.6145657300949097
INFO:root:################################################################################################
INFO:root:Finished Epoch 14
INFO:root:Validation Accuracy: 0.19191919267177582, Validation Loss: 1.6140999794006348
INFO:root:################################################################################################
INFO:root:Finished Epoch 15
INFO:root:Validation Accuracy: 0.19191919267177582, Validation Loss: 1.6154520511627197
INFO:root:################################################################################################
INFO:root:Finished Epoch 16
INFO:root:Validation Accuracy: 0.19191919267177582, Validation Loss: 1.6187101602554321
INFO:root:################################################################################################
INFO:root:Finished Epoch 17
INFO:root:Validation Accuracy: 0.19191919267177582, Validation Loss: 1.6241626739501953
INFO:root:################################################################################################
INFO:root:Finished Epoch 18
INFO:root:Validation Accuracy: 0.20202019810676575, Validation Loss: 1.6317408084869385
INFO:tensorflow:Restoring parameters from tensorboard_RNN\model0.ckpt
INFO:root:Iteration: 0, Loss: 1.5729286670684814, Accuracy: 0.34375, Validation Accuracy: 0.15625, Validation Loss: 1.7233355045318604, Test: [4 5 5 5 4]
INFO:root:Iteration: 1, Loss: 1.6460517644882202, Accuracy: 0.15625, Validation Accuracy: 0.1875, Validation Loss: 1.6439344882965088, Test: [3 5 5 5 5]
INFO:root:Iteration: 2, Loss: 1.6283838748931885, Accuracy: 0.1875, Validation Accuracy: 0.25, Validation Loss: 1.5964146852493286, Test: [4 5 5 5 4]
INFO:root:Iteration: 3, Loss: 1.6410138607025146, Accuracy: 0.28125, Validation Accuracy: 0.125, Validation Loss: 1.756558895111084, Test: [3 5 5 4 4]
INFO:root:Iteration: 4, Loss: 1.646132230758667, Accuracy: 0.1875, Validation Accuracy: 0.28125, Validation Loss: 1.6109918355941772, Test: [4 4 4 4 4]
INFO:root:Iteration: 5, Loss: 1.6495455503463745, Accuracy: 0.15625, Validation Accuracy: 0.1875, Validation Loss: 1.5949738025665283, Test: [5 4 4 4 4]
INFO:root:Iteration: 6, Loss: 1.6374677419662476, Accuracy: 0.1875, Validation Accuracy: 0.125, Validation Loss: 1.7431411743164062, Test: [3 4 4 4 4]
INFO:root:Iteration: 7, Loss: 1.6508800983428955, Accuracy: 0.15625, Validation Accuracy: 0.25, Validation Loss: 1.600191593170166, Test: [5 4 4 4 4]
INFO:root:Iteration: 8, Loss: 1.6894571781158447, Accuracy: 0.09375, Validation Accuracy: 0.1875, Validation Loss: 1.590678095817566, Test: [5 4 4 4 4]
INFO:root:Iteration: 9, Loss: 1.6358006000518799, Accuracy: 0.1875, Validation Accuracy: 0.03125, Validation Loss: 1.7356013059616089, Test: [3 4 4 4 4]
INFO:root:Iteration: 10, Loss: 1.6178903579711914, Accuracy: 0.34375, Validation Accuracy: 0.21875, Validation Loss: 1.6000010967254639, Test: [5 4 4 4 4]
INFO:root:Iteration: 11, Loss: 1.5616002082824707, Accuracy: 0.1875, Validation Accuracy: 0.25, Validation Loss: 1.5975347757339478, Test: [3 3 4 4 4]
INFO:root:Iteration: 12, Loss: 1.5227057933807373, Accuracy: 0.5, Validation Accuracy: 0.25, Validation Loss: 1.7542352676391602, Test: [4 4 4 4 4]
INFO:root:Iteration: 13, Loss: 1.5353518724441528, Accuracy: 0.3125, Validation Accuracy: 0.3125, Validation Loss: 1.5910797119140625, Test: [5 4 5 4 4]
INFO:root:Iteration: 14, Loss: 1.5231127738952637, Accuracy: 0.21875, Validation Accuracy: 0.25, Validation Loss: 1.5421994924545288, Test: [4 4 3 4 3]
INFO:root:Iteration: 15, Loss: 1.6590549945831299, Accuracy: 0.25, Validation Accuracy: 0.1875, Validation Loss: 1.7364387512207031, Test: [1 4 4 4 4]
INFO:root:Iteration: 16, Loss: 1.7234649658203125, Accuracy: 0.15625, Validation Accuracy: 0.25, Validation Loss: 1.5921833515167236, Test: [3 4 4 4 4]
INFO:root:Iteration: 17, Loss: 1.6521462202072144, Accuracy: 0.125, Validation Accuracy: 0.1875, Validation Loss: 1.560112476348877, Test: [5 4 4 4 3]
INFO:root:Iteration: 18, Loss: 1.5848495960235596, Accuracy: 0.28125, Validation Accuracy: 0.15625, Validation Loss: 1.668485164642334, Test: [5 4 5 4 4]
INFO:root:Iteration: 19, Loss: 1.5840013027191162, Accuracy: 0.0625, Validation Accuracy: 0.25, Validation Loss: 1.746464729309082, Test: [3 3 4 3]
INFO:root:################################################################################################
INFO:root:Finished Epoch 0
INFO:root:Validation Accuracy: 0.24242424964904785, Validation Loss: 1.654512643814087
INFO:root:################################################################################################
INFO:root:Finished Epoch 1
INFO:root:Validation Accuracy: 0.2525252401828766, Validation Loss: 1.649490237236023
INFO:root:################################################################################################
INFO:root:Finished Epoch 2
INFO:root:Validation Accuracy: 0.2626262605190277, Validation Loss: 1.6449905633926392
INFO:root:################################################################################################
INFO:root:Finished Epoch 3
INFO:root:Validation Accuracy: 0.2525252401828766, Validation Loss: 1.6403142213821411
INFO:root:################################################################################################
INFO:root:Finished Epoch 4
INFO:root:Validation Accuracy: 0.24242424964904785, Validation Loss: 1.6377614736557007
INFO:root:################################################################################################
INFO:root:Finished Epoch 5
INFO:root:Validation Accuracy: 0.24242424964904785, Validation Loss: 1.6368743181228638
INFO:root:################################################################################################
INFO:root:Finished Epoch 6
INFO:root:Validation Accuracy: 0.23232322931289673, Validation Loss: 1.636979341506958
INFO:root:################################################################################################
INFO:root:Finished Epoch 7
INFO:root:Validation Accuracy: 0.17171716690063477, Validation Loss: 1.6395373344421387
INFO:root:################################################################################################
INFO:root:Finished Epoch 8
INFO:root:Validation Accuracy: 0.1818181872367859, Validation Loss: 1.6417442560195923
INFO:root:################################################################################################
INFO:root:Finished Epoch 9
INFO:root:Validation Accuracy: 0.17171716690063477, Validation Loss: 1.6428862810134888
INFO:root:################################################################################################
INFO:root:Finished Epoch 10
INFO:root:Validation Accuracy: 0.17171716690063477, Validation Loss: 1.64266037940979
INFO:root:################################################################################################
INFO:root:Finished Epoch 11
INFO:root:Validation Accuracy: 0.1818181872367859, Validation Loss: 1.6404640674591064
INFO:root:################################################################################################
INFO:root:Finished Epoch 12
INFO:root:Validation Accuracy: 0.20202019810676575, Validation Loss: 1.6373744010925293
INFO:root:################################################################################################
INFO:root:Finished Epoch 13
INFO:root:Validation Accuracy: 0.20202019810676575, Validation Loss: 1.6343156099319458
INFO:root:################################################################################################
INFO:root:Finished Epoch 14
INFO:tensorflow:Restoring parameters from tensorboard_RNN\model0.ckpt
INFO:root:Iteration: 0, Loss: 1.5653648376464844, Accuracy: 0.46875, Validation Accuracy: 0.125, Validation Loss: 1.724578857421875, Test: [4 5 5 5 5]
INFO:root:Iteration: 1, Loss: 1.6552486419677734, Accuracy: 0.15625, Validation Accuracy: 0.21875, Validation Loss: 1.6453757286071777, Test: [3 5 5 5 5]
INFO:root:Iteration: 2, Loss: 1.5913687944412231, Accuracy: 0.40625, Validation Accuracy: 0.25, Validation Loss: 1.6006659269332886, Test: [4 5 5 5 5]
INFO:root:Iteration: 3, Loss: 1.6282906532287598, Accuracy: 0.1875, Validation Accuracy: 0.09375, Validation Loss: 1.7567591667175293, Test: [5 5 5 5 5]
INFO:root:Iteration: 4, Loss: 1.7083499431610107, Accuracy: 0.125, Validation Accuracy: 0.25, Validation Loss: 1.603211522102356, Test: [4 5 5 5 5]
INFO:root:Iteration: 5, Loss: 1.6363619565963745, Accuracy: 0.21875, Validation Accuracy: 0.21875, Validation Loss: 1.6073187589645386, Test: [5 5 5 5 5]
INFO:root:Iteration: 6, Loss: 1.7059910297393799, Accuracy: 0.15625, Validation Accuracy: 0.0625, Validation Loss: 1.74355149269104, Test: [5 5 5 5 5]
INFO:root:Iteration: 7, Loss: 1.5215709209442139, Accuracy: 0.34375, Validation Accuracy: 0.1875, Validation Loss: 1.6094571352005005, Test: [5 5 5 5 5]
INFO:root:Iteration: 8, Loss: 1.6450552940368652, Accuracy: 0.21875, Validation Accuracy: 0.1875, Validation Loss: 1.591956377029419, Test: [5 4 5 5 4]
INFO:root:Iteration: 9, Loss: 1.5960938930511475, Accuracy: 0.25, Validation Accuracy: 0.03125, Validation Loss: 1.765484094619751, Test: [5 4 4 4 4]
INFO:root:Iteration: 10, Loss: 1.5918846130371094, Accuracy: 0.28125, Validation Accuracy: 0.25, Validation Loss: 1.6078256368637085, Test: [5 4 4 4 4]
INFO:root:Iteration: 11, Loss: 1.5798324346542358, Accuracy: 0.25, Validation Accuracy: 0.21875, Validation Loss: 1.5826627016067505, Test: [4 4 4 4 4]
INFO:root:Iteration: 12, Loss: 1.5773251056671143, Accuracy: 0.34375, Validation Accuracy: 0.09375, Validation Loss: 1.8184974193572998, Test: [4 4 4 4 4]
INFO:root:Iteration: 13, Loss: 1.5860008001327515, Accuracy: 0.15625, Validation Accuracy: 0.21875, Validation Loss: 1.5933401584625244, Test: [5 4 4 4 4]
INFO:root:Iteration: 14, Loss: 1.5860707759857178, Accuracy: 0.03125, Validation Accuracy: 0.21875, Validation Loss: 1.5443785190582275, Test: [4 4 4 4 4]
INFO:root:Iteration: 15, Loss: 1.5867512226104736, Accuracy: 0.375, Validation Accuracy: 0.15625, Validation Loss: 1.8083946704864502, Test: [4 4 4 4 4]
INFO:root:Iteration: 16, Loss: 1.665139079093933, Accuracy: 0.21875, Validation Accuracy: 0.21875, Validation Loss: 1.615652084350586, Test: [4 4 4 4 4]
INFO:root:Iteration: 17, Loss: 1.778551697731018, Accuracy: 0.125, Validation Accuracy: 0.1875, Validation Loss: 1.571556806564331, Test: [4 4 4 4 4]
INFO:root:Iteration: 18, Loss: 1.5944631099700928, Accuracy: 0.21875, Validation Accuracy: 0.1875, Validation Loss: 1.719630241394043, Test: [4 4 4 4 4]
INFO:root:Iteration: 19, Loss: 1.5472815036773682, Accuracy: 0.1875, Validation Accuracy: 0.1875, Validation Loss: 1.6835006475448608, Test: [4 4 4 4]
INFO:tensorflow:Restoring parameters from tensorboard_RNN\model0.ckpt
INFO:root:Iteration: 0, Loss: 1.5827178955078125, Accuracy: 0.34375, Validation Accuracy: 0.125, Validation Loss: 1.7239965200424194, Test: [4 5 5 5 5]
INFO:root:Iteration: 1, Loss: 1.6386700868606567, Accuracy: 0.25, Validation Accuracy: 0.21875, Validation Loss: 1.644453763961792, Test: [3 5 5 5 5]
INFO:root:Iteration: 2, Loss: 1.596644401550293, Accuracy: 0.28125, Validation Accuracy: 0.25, Validation Loss: 1.601714015007019, Test: [4 5 5 5 4]
INFO:root:Iteration: 3, Loss: 1.7143189907073975, Accuracy: 0.125, Validation Accuracy: 0.09375, Validation Loss: 1.7597222328186035, Test: [5 5 5 5 5]
INFO:root:Iteration: 4, Loss: 1.7082288265228271, Accuracy: 0.0625, Validation Accuracy: 0.28125, Validation Loss: 1.6129378080368042, Test: [4 5 4 4 5]
INFO:root:Iteration: 5, Loss: 1.6381052732467651, Accuracy: 0.125, Validation Accuracy: 0.25, Validation Loss: 1.609797477722168, Test: [5 4 4 4 5]
INFO:root:Iteration: 6, Loss: 1.6510717868804932, Accuracy: 0.21875, Validation Accuracy: 0.125, Validation Loss: 1.7757441997528076, Test: [5 4 4 4 4]
INFO:root:Iteration: 7, Loss: 1.54751718044281, Accuracy: 0.3125, Validation Accuracy: 0.21875, Validation Loss: 1.618596076965332, Test: [4 4 4 4 4]
INFO:root:Iteration: 8, Loss: 1.7739824056625366, Accuracy: 0.09375, Validation Accuracy: 0.1875, Validation Loss: 1.5974304676055908, Test: [5 4 4 4 4]
INFO:root:Iteration: 9, Loss: 1.5707459449768066, Accuracy: 0.3125, Validation Accuracy: 0.0625, Validation Loss: 1.7738099098205566, Test: [4 4 4 4 4]
INFO:root:Iteration: 10, Loss: 1.6551709175109863, Accuracy: 0.21875, Validation Accuracy: 0.25, Validation Loss: 1.596203088760376, Test: [4 4 4 4 4]
INFO:root:Iteration: 11, Loss: 1.6145209074020386, Accuracy: 0.1875, Validation Accuracy: 0.21875, Validation Loss: 1.5880255699157715, Test: [4 4 4 4 4]
INFO:root:Iteration: 12, Loss: 1.5904395580291748, Accuracy: 0.21875, Validation Accuracy: 0.09375, Validation Loss: 1.770280122756958, Test: [4 4 4 4 4]
INFO:root:Iteration: 13, Loss: 1.5561658143997192, Accuracy: 0.28125, Validation Accuracy: 0.21875, Validation Loss: 1.600163459777832, Test: [4 4 4 4 4]
INFO:root:Iteration: 14, Loss: 1.6186659336090088, Accuracy: 0.125, Validation Accuracy: 0.1875, Validation Loss: 1.5730973482131958, Test: [4 4 4 4 4]
INFO:root:Iteration: 15, Loss: 1.612834095954895, Accuracy: 0.34375, Validation Accuracy: 0.15625, Validation Loss: 1.7489079236984253, Test: [4 4 4 4 4]
INFO:root:Iteration: 16, Loss: 1.7593435049057007, Accuracy: 0.0625, Validation Accuracy: 0.21875, Validation Loss: 1.61318039894104, Test: [4 4 4 4 4]
INFO:root:Iteration: 17, Loss: 1.6968939304351807, Accuracy: 0.125, Validation Accuracy: 0.15625, Validation Loss: 1.5858416557312012, Test: [4 4 4 4 4]
INFO:root:Iteration: 18, Loss: 1.5593812465667725, Accuracy: 0.28125, Validation Accuracy: 0.1875, Validation Loss: 1.6717169284820557, Test: [4 4 4 4 4]
INFO:root:Iteration: 19, Loss: 1.566265344619751, Accuracy: 0.21875, Validation Accuracy: 0.1875, Validation Loss: 1.630515694618225, Test: [4 4 4 4]
